{
  "RSpec": {
    "coverage": {
      "/Users/rschumann/projects/vizzuality/undp_cabo_verde/app/helpers/application_helper.rb": [
        1,
        null,
        1,
        0,
        null,
        null,
        null
      ],
      "/Users/rschumann/projects/vizzuality/undp_cabo_verde/app/controllers/home_controller.rb": [
        1,
        null,
        1,
        null,
        null,
        1,
        1,
        1,
        null,
        null,
        null
      ],
      "/Users/rschumann/projects/vizzuality/undp_cabo_verde/app/controllers/application_controller.rb": [
        1,
        null,
        1,
        null,
        null,
        null,
        1,
        null,
        1,
        1,
        null,
        null,
        1,
        1,
        0,
        null,
        null,
        null
      ],
      "/Users/rschumann/projects/vizzuality/undp_cabo_verde/app/controllers/users_controller.rb": [
        1,
        null,
        1,
        1,
        1,
        1,
        null,
        1,
        null,
        1,
        2,
        0,
        null,
        2,
        null,
        null,
        null,
        1,
        null,
        null,
        1,
        null,
        null,
        1,
        0,
        0,
        null,
        0,
        0,
        null,
        null,
        null,
        1,
        1,
        null,
        null,
        1,
        0,
        0,
        null,
        0,
        null,
        null,
        null,
        1,
        0,
        0,
        null,
        0,
        null,
        null,
        null,
        1,
        0,
        0,
        null,
        0,
        null,
        null,
        null,
        1,
        0,
        0,
        null,
        0,
        null,
        null,
        null,
        1,
        1,
        2,
        null,
        null,
        1,
        1,
        null,
        null,
        1,
        4,
        null,
        null,
        1,
        0,
        null,
        null,
        1,
        7,
        null,
        null,
        null,
        null,
        null
      ],
      "/Users/rschumann/projects/vizzuality/undp_cabo_verde/app/models/ability.rb": [
        1,
        1,
        null,
        1,
        7,
        5,
        0,
        null,
        5,
        null,
        null,
        2,
        null,
        null,
        null,
        null
      ],
      "/Users/rschumann/projects/vizzuality/undp_cabo_verde/app/models/abilities/guest.rb": [
        1,
        1,
        1,
        null,
        1,
        3,
        null,
        null,
        null
      ],
      "/Users/rschumann/projects/vizzuality/undp_cabo_verde/app/models/abilities/user.rb": [
        1,
        1,
        1,
        null,
        1,
        6,
        6,
        6,
        null,
        null,
        null
      ],
      "/Users/rschumann/projects/vizzuality/undp_cabo_verde/app/models/abilities/admin_user.rb": [
        1,
        1,
        1,
        null,
        1,
        1,
        1,
        null,
        1,
        1,
        null,
        null,
        null
      ]
    },
    "timestamp": 1441101601
  }
}
